0 info it worked if it ends with ok
1 verbose cli [ 'C:\\Program Files\\nodejs\\node.exe',
1 verbose cli   'C:\\Program Files\\nodejs\\node_modules\\npm\\bin\\npm-cli.js',
1 verbose cli   'run',
1 verbose cli   'start' ]
2 info using npm@3.8.9
3 info using node@v6.2.0
4 verbose run-script [ 'prestart', 'start', 'poststart' ]
5 info lifecycle lcp-front-auto@1.0.0~prestart: lcp-front-auto@1.0.0
6 silly lifecycle lcp-front-auto@1.0.0~prestart: no script for prestart, continuing
7 info lifecycle lcp-front-auto@1.0.0~start: lcp-front-auto@1.0.0
8 verbose lifecycle lcp-front-auto@1.0.0~start: unsafe-perm in lifecycle true
9 verbose lifecycle lcp-front-auto@1.0.0~start: PATH: C:\Program Files\nodejs\node_modules\npm\bin\node-gyp-bin;D:\Letv\lecloud_matrix_fe\node_modules\.bin;C:\Program Files\nodejs;C:\Python27\;C:\Python27\Scripts;C:\WINDOWS\system32;C:\WINDOWS;C:\WINDOWS\System32\Wbem;C:\WINDOWS\System32\WindowsPowerShell\v1.0\;C:\Program Files\Java\jdk1.7.0_17\bin;C:\Program Files (x86)\Git\cmd;C:\Program Files (x86)\Git\bin;C:\Program Files (x86)\Windows Kits\10\Windows Performance Toolkit\;C:\WINDOWS\system32\config\systemprofile\.dnx\bin;C:\Program Files\Microsoft DNX\Dnvm\;C:\Program Files\TortoiseSVN\bin;C:\Program Files\nodejs\;D:\Programs\Android\sdk\tools;D:\Programs\Android\sdk\platform-tools;C:\Users\jiangfei5945\AppData\Roaming\npm;D:\Programs\VsCode\bin;C:\Users\jiangfei5945\AppData\Local\Microsoft\WindowsApps;
10 verbose lifecycle lcp-front-auto@1.0.0~start: CWD: D:\Letv\lecloud_matrix_fe
11 silly lifecycle lcp-front-auto@1.0.0~start: Args: [ '/d /s /c', 'node tools/serve.js' ]
12 silly lifecycle lcp-front-auto@1.0.0~start: Returned: code: 1  signal: null
13 info lifecycle lcp-front-auto@1.0.0~start: Failed to exec start script
14 verbose stack Error: lcp-front-auto@1.0.0 start: `node tools/serve.js`
14 verbose stack Exit status 1
14 verbose stack     at EventEmitter.<anonymous> (C:\Program Files\nodejs\node_modules\npm\lib\utils\lifecycle.js:245:16)
14 verbose stack     at emitTwo (events.js:106:13)
14 verbose stack     at EventEmitter.emit (events.js:191:7)
14 verbose stack     at ChildProcess.<anonymous> (C:\Program Files\nodejs\node_modules\npm\lib\utils\spawn.js:24:14)
14 verbose stack     at emitTwo (events.js:106:13)
14 verbose stack     at ChildProcess.emit (events.js:191:7)
14 verbose stack     at maybeClose (internal/child_process.js:850:16)
14 verbose stack     at Process.ChildProcess._handle.onexit (internal/child_process.js:215:5)
15 verbose pkgid lcp-front-auto@1.0.0
16 verbose cwd D:\Letv\lecloud_matrix_fe
17 error Windows_NT 10.0.14393
18 error argv "C:\\Program Files\\nodejs\\node.exe" "C:\\Program Files\\nodejs\\node_modules\\npm\\bin\\npm-cli.js" "run" "start"
19 error node v6.2.0
20 error npm  v3.8.9
21 error code ELIFECYCLE
22 error lcp-front-auto@1.0.0 start: `node tools/serve.js`
22 error Exit status 1
23 error Failed at the lcp-front-auto@1.0.0 start script 'node tools/serve.js'.
23 error Make sure you have the latest version of node.js and npm installed.
23 error If you do, this is most likely a problem with the lcp-front-auto package,
23 error not with npm itself.
23 error Tell the author that this fails on your system:
23 error     node tools/serve.js
23 error You can get information on how to open an issue for this project with:
23 error     npm bugs lcp-front-auto
23 error Or if that isn't available, you can get their info via:
23 error     npm owner ls lcp-front-auto
23 error There is likely additional logging output above.
24 verbose exit [ 1, true ]
